<?xml version="1.0" encoding="UTF-8"?>
<!-- Generated by org.testng.reporters.JUnitReportReporter -->
<testsuite skipped="0" hostname="DESKTOP-1F7P7C3" name="LibraryAPI.DynamicJson" tests="2" failures="0" timestamp="25 Dec 2020 15:38:49 GMT" time="5.946" errors="0">
  <testcase name="addBook" time="5.624" classname="LibraryAPI.DynamicJson"/>
  <testcase name="deleteBook" time="0.322" classname="LibraryAPI.DynamicJson"/>
</testsuite> <!-- LibraryAPI.DynamicJson -->
