<?xml version="1.0" encoding="UTF-8"?>
<!-- Generated by org.testng.reporters.JUnitReportReporter -->
<testsuite skipped="0" hostname="DESKTOP-1F7P7C3" name="files.DynamicJson" tests="1" failures="0" timestamp="25 Dec 2020 15:25:55 GMT" time="4.781" errors="0">
  <testcase name="addBook" time="4.781" classname="files.DynamicJson"/>
</testsuite> <!-- files.DynamicJson -->
