<?xml version="1.0" encoding="UTF-8"?>
<!-- Generated by org.testng.reporters.JUnitReportReporter -->
<testsuite skipped="0" hostname="DESKTOP-1F7P7C3" name="JiraAPITesting.Ex1_AddingCommentInIssue" tests="1" failures="0" timestamp="26 Dec 2020 07:51:11 GMT" time="9.645" errors="0">
  <testcase name="addComment" time="9.645" classname="JiraAPITesting.Ex1_AddingCommentInIssue"/>
</testsuite> <!-- JiraAPITesting.Ex1_AddingCommentInIssue -->
