<?xml version="1.0" encoding="UTF-8"?>
<!-- Generated by org.testng.reporters.JUnitReportReporter -->
<testsuite skipped="0" hostname="DESKTOP-1F7P7C3" name="readingDirectlyJsonFile.automatingCodeByJsonFileDirectly" tests="1" failures="0" timestamp="25 Dec 2020 16:17:15 GMT" time="7.933" errors="0">
  <testcase name="readingJsonFile" time="7.933" classname="readingDirectlyJsonFile.automatingCodeByJsonFileDirectly"/>
</testsuite> <!-- readingDirectlyJsonFile.automatingCodeByJsonFileDirectly -->
