<?xml version="1.0" encoding="UTF-8"?>
<!-- Generated by org.testng.reporters.JUnitReportReporter -->
<testsuite skipped="0" hostname="DESKTOP-1F7P7C3" name="LibraryAPI.DynamicJsonWithDataProvider" tests="3" failures="0" timestamp="25 Dec 2020 16:03:23 GMT" time="6.417" errors="0">
  <testcase name="addBook" time="0.335" classname="LibraryAPI.DynamicJsonWithDataProvider"/>
  <testcase name="addBook" time="5.551" classname="LibraryAPI.DynamicJsonWithDataProvider"/>
  <testcase name="addBook" time="0.531" classname="LibraryAPI.DynamicJsonWithDataProvider"/>
</testsuite> <!-- LibraryAPI.DynamicJsonWithDataProvider -->
